<?xml version="1.0" encoding="UTF-8"?>
<!-- Generated by org.testng.reporters.JUnitXMLReporter -->
<testsuite ignored="0" hostname="DESKTOP-NCHRHGP" failures="0" tests="6" name="Default test" time="47.677" errors="0" timestamp="2021-09-24T14:55:59 IST">
  <testcase classname="allTests.HomePage_Test2" name="Test" time="0.116"/>
  <testcase classname="allTests.HomePage_Test2" name="Test" time="0.045"/>
  <testcase classname="allTests.HomePage_Test2" name="Test" time="0.069"/>
  <testcase classname="allTests.HomePage_Test2" name="Test" time="0.043"/>
  <testcase classname="allTests.HomePage_Test2" name="Test" time="0.05"/>
  <testcase classname="allTests.HomePage_Test2" name="Test" time="0.052"/>
</testsuite> <!-- Default test -->
