<?xml version="1.0" encoding="UTF-8"?>
<testng-results ignored="0" total="6" passed="6" failed="0" skipped="0">
  <reporter-output>
  </reporter-output>
  <suite started-at="2021-09-24T14:55:11 IST" name="Default suite" finished-at="2021-09-24T14:55:59 IST" duration-ms="47677">
    <groups>
    </groups>
    <test started-at="2021-09-24T14:55:11 IST" name="Default test" finished-at="2021-09-24T14:55:59 IST" duration-ms="47677">
      <class name="allTests.HomePage_Test2">
        <test-method is-config="true" signature="launchApplication()[pri:0, instance:allTests.HomePage_Test2@3daa422a]" started-at="2021-09-24T14:55:12 IST" name="launchApplication" finished-at="2021-09-24T14:55:20 IST" duration-ms="7406" status="PASS">
          <reporter-output>
          </reporter-output>
        </test-method> <!-- launchApplication -->
        <test-method signature="Test(java.lang.String)[pri:0, instance:allTests.HomePage_Test2@3daa422a]" started-at="2021-09-24T14:55:20 IST" name="Test" data-provider="TestDataDrivenHomePage" finished-at="2021-09-24T14:55:20 IST" duration-ms="116" status="PASS">
          <params>
            <param index="0">
              <value>
                <![CDATA[Men]]>
              </value>
            </param>
          </params>
          <reporter-output>
          </reporter-output>
        </test-method> <!-- Test -->
        <test-method is-config="true" signature="closeApplication()[pri:0, instance:allTests.HomePage_Test2@3daa422a]" started-at="2021-09-24T14:55:20 IST" name="closeApplication" finished-at="2021-09-24T14:55:21 IST" duration-ms="797" status="PASS">
          <reporter-output>
          </reporter-output>
        </test-method> <!-- closeApplication -->
        <test-method is-config="true" signature="launchApplication()[pri:0, instance:allTests.HomePage_Test2@3daa422a]" started-at="2021-09-24T14:55:21 IST" name="launchApplication" finished-at="2021-09-24T14:55:27 IST" duration-ms="6284" status="PASS">
          <reporter-output>
          </reporter-output>
        </test-method> <!-- launchApplication -->
        <test-method signature="Test(java.lang.String)[pri:0, instance:allTests.HomePage_Test2@3daa422a]" started-at="2021-09-24T14:55:27 IST" name="Test" data-provider="TestDataDrivenHomePage" finished-at="2021-09-24T14:55:27 IST" duration-ms="45" status="PASS">
          <params>
            <param index="0">
              <value>
                <![CDATA[Women]]>
              </value>
            </param>
          </params>
          <reporter-output>
          </reporter-output>
        </test-method> <!-- Test -->
        <test-method is-config="true" signature="closeApplication()[pri:0, instance:allTests.HomePage_Test2@3daa422a]" started-at="2021-09-24T14:55:27 IST" name="closeApplication" finished-at="2021-09-24T14:55:29 IST" duration-ms="2296" status="PASS">
          <reporter-output>
          </reporter-output>
        </test-method> <!-- closeApplication -->
        <test-method is-config="true" signature="launchApplication()[pri:0, instance:allTests.HomePage_Test2@3daa422a]" started-at="2021-09-24T14:55:29 IST" name="launchApplication" finished-at="2021-09-24T14:55:36 IST" duration-ms="6308" status="PASS">
          <reporter-output>
          </reporter-output>
        </test-method> <!-- launchApplication -->
        <test-method signature="Test(java.lang.String)[pri:0, instance:allTests.HomePage_Test2@3daa422a]" started-at="2021-09-24T14:55:36 IST" name="Test" data-provider="TestDataDrivenHomePage" finished-at="2021-09-24T14:55:36 IST" duration-ms="69" status="PASS">
          <params>
            <param index="0">
              <value>
                <![CDATA[HL]]>
              </value>
            </param>
          </params>
          <reporter-output>
          </reporter-output>
        </test-method> <!-- Test -->
        <test-method is-config="true" signature="closeApplication()[pri:0, instance:allTests.HomePage_Test2@3daa422a]" started-at="2021-09-24T14:55:36 IST" name="closeApplication" finished-at="2021-09-24T14:55:36 IST" duration-ms="763" status="PASS">
          <reporter-output>
          </reporter-output>
        </test-method> <!-- closeApplication -->
        <test-method is-config="true" signature="launchApplication()[pri:0, instance:allTests.HomePage_Test2@3daa422a]" started-at="2021-09-24T14:55:36 IST" name="launchApplication" finished-at="2021-09-24T14:55:43 IST" duration-ms="6235" status="PASS">
          <reporter-output>
          </reporter-output>
        </test-method> <!-- launchApplication -->
        <test-method signature="Test(java.lang.String)[pri:0, instance:allTests.HomePage_Test2@3daa422a]" started-at="2021-09-24T14:55:43 IST" name="Test" data-provider="TestDataDrivenHomePage" finished-at="2021-09-24T14:55:43 IST" duration-ms="43" status="PASS">
          <params>
            <param index="0">
              <value>
                <![CDATA[Kids]]>
              </value>
            </param>
          </params>
          <reporter-output>
          </reporter-output>
        </test-method> <!-- Test -->
        <test-method is-config="true" signature="closeApplication()[pri:0, instance:allTests.HomePage_Test2@3daa422a]" started-at="2021-09-24T14:55:43 IST" name="closeApplication" finished-at="2021-09-24T14:55:44 IST" duration-ms="923" status="PASS">
          <reporter-output>
          </reporter-output>
        </test-method> <!-- closeApplication -->
        <test-method is-config="true" signature="launchApplication()[pri:0, instance:allTests.HomePage_Test2@3daa422a]" started-at="2021-09-24T14:55:44 IST" name="launchApplication" finished-at="2021-09-24T14:55:51 IST" duration-ms="7243" status="PASS">
          <reporter-output>
          </reporter-output>
        </test-method> <!-- launchApplication -->
        <test-method signature="Test(java.lang.String)[pri:0, instance:allTests.HomePage_Test2@3daa422a]" started-at="2021-09-24T14:55:51 IST" name="Test" data-provider="TestDataDrivenHomePage" finished-at="2021-09-24T14:55:51 IST" duration-ms="50" status="PASS">
          <params>
            <param index="0">
              <value>
                <![CDATA[Beauty]]>
              </value>
            </param>
          </params>
          <reporter-output>
          </reporter-output>
        </test-method> <!-- Test -->
        <test-method is-config="true" signature="closeApplication()[pri:0, instance:allTests.HomePage_Test2@3daa422a]" started-at="2021-09-24T14:55:51 IST" name="closeApplication" finished-at="2021-09-24T14:55:52 IST" duration-ms="884" status="PASS">
          <reporter-output>
          </reporter-output>
        </test-method> <!-- closeApplication -->
        <test-method is-config="true" signature="launchApplication()[pri:0, instance:allTests.HomePage_Test2@3daa422a]" started-at="2021-09-24T14:55:52 IST" name="launchApplication" finished-at="2021-09-24T14:55:58 IST" duration-ms="6482" status="PASS">
          <reporter-output>
          </reporter-output>
        </test-method> <!-- launchApplication -->
        <test-method signature="Test(java.lang.String)[pri:0, instance:allTests.HomePage_Test2@3daa422a]" started-at="2021-09-24T14:55:58 IST" name="Test" data-provider="TestDataDrivenHomePage" finished-at="2021-09-24T14:55:58 IST" duration-ms="52" status="PASS">
          <params>
            <param index="0">
              <value>
                <![CDATA[SearchBar]]>
              </value>
            </param>
          </params>
          <reporter-output>
          </reporter-output>
        </test-method> <!-- Test -->
        <test-method is-config="true" signature="closeApplication()[pri:0, instance:allTests.HomePage_Test2@3daa422a]" started-at="2021-09-24T14:55:58 IST" name="closeApplication" finished-at="2021-09-24T14:55:59 IST" duration-ms="882" status="PASS">
          <reporter-output>
          </reporter-output>
        </test-method> <!-- closeApplication -->
      </class> <!-- allTests.HomePage_Test2 -->
    </test> <!-- Default test -->
  </suite> <!-- Default suite -->
</testng-results>
